AASP
AASP100
AASP100H
AASP101
AASP189I
AASP200
AASP202
AASP202H
AASP274
AASP297
AASP298A
AASP298L
AASP298Z
AASP303
AASP305
AASP310
AASP313
AASP386
AASP396
AASP397
AASP398C
AASP398Q
AASP402
AASP411
AASP441
AASP443
AASP498K
AASP498Q
AASP498W
AASP499N
AASP499Q
AAST
AAST200
AAST201
AAST222
AAST233
AAST378
(skipped: location unavailable)
AAST388
(skipped: location unavailable)
AAST398L
AAST398N
AAST398O
AAST398R
AAST498V
AAST498Z
AGNR
AGNR301
AGNR388
(skipped: location unavailable)
AGNR489
(skipped: location unavailable)
AMSC
AMSC420
AMSC460
AMSC466
AMSC498A
AMSC612
AMSC661
AMSC664
AMSC674
AMSC689
AMSC760
(skipped: location unavailable)
AMSC762
(skipped: location unavailable)
AMSC799
AMSC808A
AMSC808R
AMSC898
AMSC899
AMST
AMST101
AMST202
AMST204
AMST205
AMST212
AMST289A
AMST298C
AMST328A
AMST328D
AMST328N
AMST340
AMST386
(skipped: location unavailable)
AMST388
AMST398
AMST418G
AMST418H
AMST418O
AMST418P
AMST428E
AMST429J
AMST429R
AMST450
AMST498G
AMST498K
AMST603
AMST628C
AMST628F
AMST628Q
AMST655
(skipped: bad location)
AMST698
AMST798
AMST799
AMST857
(skipped: location unavailable)
AMST898
AMST899
ANSC
ANSC101
ANSC212
ANSC214
ANSC227
ANSC232
ANSC235
(skipped: bad location)
(skipped: bad location)
ANSC236
ANSC237
ANSC250
ANSC260
(skipped: bad location)
ANSC315
ANSC327
ANSC340
ANSC386
ANSC388
(skipped: location unavailable)
ANSC399
ANSC435
ANSC444
ANSC452
ANSC453
ANSC489
ANSC489O
ANSC489Q
ANSC489R
ANSC627
ANSC644
ANSC660
ANSC688A
ANSC688J
ANSC688O
ANSC688W
ANSC688Y
ANSC698C
ANSC699
ANSC799
ANSC898
ANSC899
ANTH
ANTH222
ANTH240
ANTH260
ANTH265
ANTH298D
ANTH305
ANTH340
ANTH345
ANTH358A
ANTH358B
ANTH358C
ANTH360
ANTH380
ANTH386
ANTH398A
ANTH398R
(skipped: location unavailable)
ANTH398T
(skipped: location unavailable)
ANTH429A
ANTH447
ANTH448B
ANTH448P
ANTH468D
ANTH468F
ANTH468I
ANTH468Q
ANTH468T
ANTH469P
ANTH469T
ANTH469X
ANTH472
ANTH476
ANTH477
ANTH486
ANTH487
ANTH491
ANTH492
(skipped: location unavailable)
ANTH498C
(skipped: location unavailable)
ANTH617
ANTH630
ANTH647
ANTH655
(skipped: bad location)
ANTH672
ANTH688A
ANTH688I
ANTH688Q
ANTH689A
ANTH689B
ANTH689N
(skipped: location unavailable)
ANTH689P
ANTH689T
ANTH689X
ANTH701
ANTH712
ANTH722
ANTH740
ANTH788
ANTH789
ANTH857
(skipped: location unavailable)
ANTH898
ANTH899
AOSC
AOSC123
AOSC200
AOSC201
AOSC347
AOSC401
AOSC424
AOSC432
AOSC433
AOSC472
AOSC494
AOSC498
AOSC499
AOSC611
AOSC617
AOSC621
AOSC625
AOSC630
AOSC633
AOSC634
AOSC658E
AOSC661
AOSC675
AOSC798
AOSC818
(skipped: bad location)
AOSC898
AOSC899
ARAB
ARAB105
ARAB205
ARAB207
ARAB253
ARAB305
ARAB398L
ARAB402
ARAB499B
ARAB499G
ARAB499R
ARAB499T
ARCH
ARCH101
ARCH170
ARCH226
ARCH242
ARCH271
ARCH289I
ARCH386
(skipped: location unavailable)
ARCH401
(skipped: bad location)
ARCH403
(skipped: bad location)
ARCH405
(skipped: bad location)
ARCH407
(skipped: bad location)
ARCH411
ARCH413
ARCH419
(skipped: location unavailable)
ARCH420
ARCH423
ARCH427
ARCH445
ARCH460
ARCH461
ARCH470
ARCH478A
ARCH478C
ARCH478D
ARCH481
ARCH601
(skipped: bad location)
ARCH635
ARCH655
ARCH670
ARCH673
ARCH678
ARCH678A
ARCH678D
ARCH678J
ARCH678W
ARCH679
ARCH797
ARCH798
ARCH799
AREC
AREC365
AREC382
AREC386
AREC388
(skipped: location unavailable)
(skipped: location unavailable)
(skipped: location unavailable)
AREC399
AREC427
AREC435
AREC489G
AREC489K
AREC489M
AREC610
AREC624
AREC645
AREC699
AREC799
AREC845
AREC891
(skipped: location unavailable)
AREC898
AREC899
ARHU
ARHU158A
ARHU286
(skipped: location unavailable)
ARHU318A
ARHU318B
ARHU318C
ARHU319A
(skipped: location unavailable)
ARHU319B
ARHU338
(skipped: location unavailable)
ARHU386
(skipped: location unavailable)
ARHU439J
ARHU468
ARHU486
(skipped: location unavailable)
ARHU489
(skipped: location unavailable)
ARHU786
ARMY
ARMY105
ARMY119
ARMY202
ARMY302
ARMY402
ARSC
ARSC059
(skipped: bad location)
ARSC101
ARSC201
ARSC301
ARSC399
(skipped: location unavailable)
ARSC401
ARTH
ARTH200
ARTH201
ARTH221
ARTH250
ARTH303
ARTH305
ARTH346
ARTH350
ARTH359O
ARTH361
ARTH372
ARTH382
ARTH386
ARTH389K
ARTH465
ARTH488F
ARTH488L
ARTH488P
ARTH489F
ARTH489K
ARTH498
ARTH499
ARTH738C
ARTH739B
ARTH759B
ARTH759C
ARTH779B
ARTH789B
ARTH798
ARTH799
ARTH898
ARTH899
ARTT
ARTT100
ARTT110
ARTT150
ARTT200
ARTT210
ARTT255
ARTT320
ARTT330
ARTT330H
ARTT331
ARTT333
ARTT333H
ARTT340
ARTT343
ARTT343H
ARTT344
ARTT353
ARTT357
ARTT361
ARTT370
ARTT386
ARTT389
ARTT399
ARTT418B
ARTT418H
ARTT428
ARTT428H
ARTT438A
ARTT438B
ARTT438D
ARTT438H
ARTT438O
ARTT448A
ARTT448B
ARTT448E
ARTT448F
ARTT448H
ARTT449A
ARTT455
ARTT458
ARTT479A
ARTT479B
ARTT479H
ARTT481
ARTT489G
ARTT498A
ARTT498B
ARTT498H
ARTT618
ARTT628
ARTT638
ARTT638A
ARTT648
ARTT698A
ARTT698B
ARTT698C
ARTT699A
ARTT699B
ARTT718
ARTT728
ARTT738
ARTT748
ARTT768
ARTT798A
ARTT798B
ARTT799
ASTR
ASTR100
ASTR101
ASTR121
ASTR230
ASTR288
ASTR288M
ASTR305
ASTR315
ASTR320
ASTR330
ASTR340
ASTR380
ASTR399
ASTR422
ASTR450
ASTR498
ASTR498P
ASTR670
ASTR680
ASTR699
ASTR799
ASTR898
ASTR899
BCHM
BCHM461
BCHM462
BCHM463
BCHM464
BCHM465
BCHM485
BCHM669C
BCHM669D
BCHM675
BCHM698
(skipped: location unavailable)
BCHM699
BCHM799
BCHM889A
(skipped: bad location)
BCHM889B
(skipped: location unavailable)
BCHM889D
(skipped: location unavailable)
BCHM889F
(skipped: location unavailable)
BCHM889G
(skipped: location unavailable)
BCHM889M
(skipped: location unavailable)
BCHM898
BCHM899
BIOE
BIOE120
BIOE121
BIOE232
BIOE241
BIOE331
BIOE332
BIOE340
BIOE371
BIOE399
BIOE399H
BIOE404
BIOE420
BIOE431
BIOE453
BIOE457
BIOE486
BIOE489G
BIOE606
BIOE608
BIOE611
BIOE612
(skipped: no days available)
BIOE631
(skipped: no days available)
BIOE640
BIOE653
BIOE689
BIOE689N
BIOE689Q
(skipped: no days available)
BIOE799
BIOE898
BIOE899
BIOL
BIOL600
BIOL608A
(skipped: location unavailable)
BIOL608B
(skipped: location unavailable)
BIOL608M
(skipped: location unavailable)
BIOL608O
(skipped: location unavailable)
BIOL608Q
(skipped: location unavailable)
BIOL608W
(skipped: location unavailable)
BIOL609
BIOL708A
BIOL708E
BIOL708I
BIOL708M
BIOL708R
BIOL708Z
BIOL799
BIOL898
BIOL899
BIOM
BIOM301
BIOM602
BIOM688A
BIOM688E
BIOM698
BIPH
BIPH698L
BIPH699
BIPH898
BIPH899
BMGT
BMGT110
BMGT110S
BMGT190H
BMGT220
BMGT221
BMGT221H
BMGT230
BMGT230B
BMGT289A
BMGT289B
BMGT289D
BMGT289E
BMGT289F
BMGT289K
BMGT289L
BMGT301
BMGT302
BMGT310
BMGT311
BMGT313
BMGT321
BMGT323
BMGT326
BMGT332
BMGT340
(skipped: no days available)
(skipped: no days available)
(skipped: no days available)
(skipped: no days available)
(skipped: no days available)
(skipped: no days available)
(skipped: no days available)
BMGT340N
BMGT341
BMGT341F
BMGT343
BMGT349F
(skipped: location unavailable)
BMGT350
BMGT350N
BMGT352
BMGT353
BMGT360
BMGT363
BMGT363F
BMGT364
BMGT364H
BMGT364N
BMGT365
BMGT367
BMGT367F
BMGT370
BMGT372
BMGT380
BMGT380H
BMGT380N
BMGT381
BMGT385
BMGT390H
BMGT392
BMGT397
BMGT398
BMGT398A
(skipped: location unavailable)
(skipped: location unavailable)
BMGT398E
BMGT398Q
BMGT398T
BMGT402
BMGT402F
BMGT403
BMGT404
BMGT407
BMGT408D
BMGT410
BMGT411
BMGT417
BMGT422
BMGT423
BMGT424
BMGT430
BMGT431
BMGT431F
BMGT434
BMGT435
BMGT438G
(skipped: location unavailable)
BMGT440
BMGT440F
BMGT442F
BMGT443
BMGT444
BMGT445
BMGT445F
BMGT446
BMGT448E
BMGT448F
BMGT448G
BMGT449F
BMGT450
BMGT450F
BMGT451
BMGT452
BMGT454
BMGT455
BMGT457
BMGT461
BMGT461N
BMGT463
BMGT466
BMGT468P
BMGT468R
BMGT468W
BMGT468Z
BMGT470
BMGT472
BMGT476
BMGT477
BMGT478C
BMGT484
BMGT485
BMGT487
BMGT490H
(skipped: location unavailable)
BMGT491
BMGT494H
(skipped: location unavailable)
BMGT495
BMGT495H
BMGT496
BMGT496F
BMGT498L
(skipped: location unavailable)
BMGT499C
BMGT808I
BMGT808J
(skipped: location unavailable)
BMGT808R
BMGT818Y
BMGT828
BMGT831
BMGT834
BMGT837
BMGT838O
BMGT838R
BMGT843
BMGT848B
BMGT848E
BMGT848F
BMGT848R
(skipped: location unavailable)
BMGT858I
BMGT858J
BMGT858R
BMGT868C
BMGT868D
BMGT868G
(skipped: bad location)
BMGT868N
BMGT868P
(skipped: location unavailable)
BMGT868V
BMGT878C
BMGT878E
BMGT878I
BMGT878P
BMGT888I
BMGT888L
BMGT888W
BMGT898
BMGT899
BSCI
BSCI103
BSCI103M
BSCI105
BSCI105C
BSCI105M
BSCI105S
BSCI106
BSCI120
BSCI124
BSCI125
BSCI201
BSCI202
BSCI207
BSCI222
BSCI223
BSCI258
(skipped: location unavailable)
BSCI279
BSCI279C
BSCI279H
BSCI279P
(skipped: no start time)
BSCI279Q
(skipped: location unavailable)
BSCI279R
BSCI283
BSCI288
BSCI288H
BSCI289
(skipped: location unavailable)
BSCI329
(skipped: location unavailable)
BSCI329H
(skipped: location unavailable)
(skipped: location unavailable)
BSCI330
BSCI334
BSCI335
BSCI337
BSCI338F
(skipped: location unavailable)
BSCI338N
BSCI338P
BSCI338Q
BSCI338Z
BSCI339A
BSCI339C
(skipped: bad location)
BSCI339G
BSCI348
BSCI348A
(skipped: location unavailable)
BSCI348P
(skipped: location unavailable)
(skipped: location unavailable)
BSCI348R
(skipped: location unavailable)
BSCI353
BSCI360
BSCI361
BSCI363
BSCI370
BSCI378H
BSCI379G
BSCI379H
BSCI379P
BSCI389
BSCI389H
BSCI398H
BSCI399
BSCI399H
BSCI410
(skipped: no days available)
BSCI412
BSCI416
BSCI417
BSCI420
BSCI421
BSCI422
BSCI423
BSCI430
BSCI433
BSCI437
BSCI440
BSCI441
BSCI446
BSCI447
BSCI454
BSCI462
BSCI473
BSCV
BSCV182
BSCV302
(skipped: location unavailable)
(skipped: location unavailable)
(skipped: location unavailable)
BSCV309
(skipped: location unavailable)
(skipped: location unavailable)
BSGC
BSGC102
BSGC302
(skipped: no days available)
BSGC386
(skipped: location unavailable)
BSGC398A
(skipped: location unavailable)
BSGC399
(skipped: location unavailable)
BSOS
BSOS388B
BSOS388T
BSST
BSST331
BSST334
BSST338M
BSST340
BSST399I
(skipped: location unavailable)
BSST399T
(skipped: location unavailable)
BSST399W
(skipped: location unavailable)
BSST399Z
(skipped: location unavailable)
BSST631
(skipped: no days available)
BSST633
(skipped: location unavailable)
BSST638M
BUAC
BUAC743
BUAC758J
BUAC758O
BUAC758R
BUAC758T
BUAC758V
BUAC759
BUAC786
BUAC787
BUAC790
BUDT
BUDT706
BUDT732
BUDT733
BUDT758B
BUDT758F
BUDT758K
BUDT758N
BUDT758P
BUDT758R
BUDT758T
BUDT759
BUDT775
BUFN
BUFN740
BUFN750
BUFN751
BUFN752
BUFN754
BUFN755
BUFN758C
BUFN758M
BUFN758N
BUFN758O
BUFN759
BUFN760
BUFN761
BUFN762
BUFN763
BUFN764
BUFN765
BUFN766
BUFN772
BUFN773
BULM
BULM724
BULM733
BULM734
BULM736
BULM744
BULM758A
(skipped: location unavailable)
(skipped: location unavailable)
BULM758J
BULM759
BUMK
BUMK701
BUMK715
BUMK716
BUMK731
BUMK757
BUMK758A
BUMK758H
BUMK758L
BUMK758M
BUMK758O
BUMK758P
BUMK758Q
BUMK758W
BUMK758Y
BUMK759
BUMO
BUMO714
BUMO720
BUMO732
BUMO751
BUMO752
BUMO753
BUMO754
BUMO758D
BUMO758L
BUMO759
BUMO761
BUMO794
BUMO796
(skipped: location unavailable)
BUSI
BUSI611
BUSI621
(skipped: no days available)
BUSI622
(skipped: no days available)
(skipped: no days available)
BUSI630
BUSI634
BUSI640
BUSI650
BUSI672
BUSI673
BUSI758J
BUSI758L
(skipped: bad location)
BUSI758P
BUSI759
BUSI761
BUSI764
BUSI785
BUSI799
CBMG
CBMG688B
CBMG688C
(skipped: location unavailable)
CBMG688F
CBMG688G
CBMG688I
CBMG688L
CBMG688O
CBMG688Q
CBMG688X
CBMG699
CBMG699D
CBMG699T
CBMG699W
CBMG699X
CBMG699Y
CBMG699Z
CBMG799
CBMG898
CBMG899
CCJS
CCJS100
CCJS105
CCJS200
CCJS225
CCJS230
CCJS234
CCJS300
CCJS320
(skipped: no days available)
(skipped: no days available)
(skipped: no days available)
CCJS325
CCJS332
CCJS340
CCJS350
(skipped: no days available)
CCJS352
CCJS359
CCJS360
CCJS370
CCJS386
CCJS389H
CCJS398
CCJS399
CCJS400
CCJS418B
CCJS444
CCJS451
CCJS452
CCJS454
CCJS461
CCJS498C
CCJS498G
CCJS498L
CCJS498Y
CCJS602
CCJS604
CCJS610
CCJS621
CCJS651
CCJS652
CCJS654
CCJS660
CCJS699
CCJS699L
CCJS799
CCJS898
CCJS899
CHBE
CHBE101
CHBE302
CHBE333
CHBE424
CHBE426
CHBE446
CHBE456
CHBE468
CHBE473
CHBE476
CHBE480
CHBE490
CHEM
CHEM131
CHEM132
CHEM135
CHEM136
CHEM231
CHEM232
CHEM232S
CHEM237
CHEM241
CHEM242
CHEM271
CHEM272
CHEM276
CHEM277
CHEM395
CHEM398
CHEM399A
CHEM399B
CHEM399C
CHEM399X
(skipped: location unavailable)
CHEM401
CHEM425
CHEM433
CHEM474
CHEM481
CHEM482
CHEM483
CHEM484
CHEM498B
CHEM498E
CHEM602
CHEM608P
CHEM623
CHEM647
CHEM648E
CHEM650
CHEM687
CHEM688M
CHEM691
CHEM699
CHEM705
CHEM799
CHEM889A
CHEM889C
CHEM889D
CHEM889E
CHEM889F
CHEM889G
(skipped: location unavailable)
CHEM889M
CHEM898
CHEM899
CHIN
CHIN102
CHIN103
CHIN203
CHIN204
CHIN205
CHIN214
CHIN302
CHIN306
CHIN307
CHIN332
CHIN402
CHIN412
CHIN418L
CHIN429C
CHIN499
CHPH
CHPH618
(skipped: location unavailable)
CHPH709A
CHPH709B
CHPH709L
CHPH718A
CHPH718F
CHPH718I
CHPH718Z
(skipped: no days available)
CHPH799
CHPH898
CHPH899
CLAS
CLAS170
CLAS289A
CLAS305
CLAS309C
CLAS470
CLAS499
CLFS
CLFS520
(skipped: no days available)
CLFS608
CLFS608A
CLFS619D
(skipped: no days available)
CLFS620
(skipped: no days available)
CLFS665
(skipped: no days available)
CLFS690
(skipped: location unavailable)
CMLT
CMLT235
CMLT242
CMLT270
CMLT275
CMLT277
CMLT280
CMLT386
CMLT398C
CMLT398D
CMLT699
CMLT788L
CMLT799
CMLT898
CMLT899
CMSC
CMSC122
CMSC131
CMSC132
CMSC132H
CMSC198A
CMSC216
CMSC250
CMSC250H
CMSC298A
CMSC330
CMSC351
CMSC390
CMSC411
CMSC412
CMSC414
CMSC417
CMSC420
CMSC421
CMSC422
CMSC423
CMSC424
CMSC425
CMSC427
CMSC430
CMSC433
CMSC434
CMSC435
CMSC451
CMSC456
CMSC460
CMSC466
CMSC474
CMSC475
CMSC498A
CMSC498J
CMSC498N
CMSC498R
CMSC498T
CMSC499A
CMSC630
CMSC661
CMSC664
CMSC702
CMSC714
CMSC722
CMSC724
CMSC734
CMSC773
CMSC798
CMSC798A
CMSC798F
CMSC799
CMSC818A
CMSC818D
CMSC818I
CMSC828A
CMSC828E
CMSC828F
CMSC828I
CMSC828V
CMSC828Y
CMSC838A
CMSC838F
CMSC858A
CMSC858C
CMSC858X
CMSC878A
CMSC878O
CMSC898
CMSC899
COMM
COMM107
COMM200
COMM230
COMM231
COMM232
COMM250
COMM288
(skipped: location unavailable)
(skipped: location unavailable)
COMM324
COMM330
COMM350
COMM351
COMM352
COMM360
COMM371
COMM376
COMM382
COMM385
COMM386
(skipped: location unavailable)
(skipped: location unavailable)
COMM388
COMM398
COMM398B
COMM398C
COMM398D
COMM398G
COMM398I
COMM398J
COMM398K
COMM398O
COMM398T
COMM399
(skipped: location unavailable)
(skipped: location unavailable)
(skipped: location unavailable)
COMM400
COMM401
COMM402
COMM422
COMM425
COMM426
COMM436
COMM450
COMM461
COMM470
COMM472
COMM475
COMM478
COMM483
COMM489
COMM498A
COMM498B
(skipped: location unavailable)
COMM498G
COMM498N
COMM498Q
COMM498R
COMM498T
COMM498V
COMM600
COMM604
COMM605
COMM619
(skipped: location unavailable)
COMM629
(skipped: location unavailable)
COMM633
COMM649
(skipped: location unavailable)
COMM657
COMM688
COMM698
COMM698F
COMM702
COMM714
COMM719
(skipped: location unavailable)
COMM730
COMM738M
COMM749
(skipped: location unavailable)
COMM759
(skipped: location unavailable)
COMM762
COMM789A
(skipped: bad location)
COMM798
COMM798A
COMM798B
COMM798W
COMM799
COMM888
COMM889
COMM898
COMM899
CONS
CONS609I
(skipped: location unavailable)
CONS680
CONS798
CPET
CPET101
CPET240
CPGH
CPGH101
CPMS
CPMS101
CPPL
CPPL101
(skipped: location unavailable)
(skipped: location unavailable)
(skipped: location unavailable)
CPSA
CPSA101
CPSA149
CPSD
CPSD100
CPSD101
CPSF
CPSF101
CPSG
CPSG101
CPSN
CPSN101
CPSP
CPSP219A
CPSP219L
CPSP239B
(skipped: bad location)
CPSP239D
CPSP239E
CPSP239F
CPSP239G
(skipped: location unavailable)
CPSP239J
(skipped: location unavailable)
CPSP239N
(skipped: location unavailable)
(skipped: location unavailable)
CPSP239P
(skipped: location unavailable)
CPSP239T
CPSP249A
CPSP249B
(skipped: bad location)
CPSP249D
CPSP249E
CPSP249F
CPSP249G
(skipped: location unavailable)
CPSP249J
(skipped: location unavailable)
CPSP249N
(skipped: location unavailable)
(skipped: location unavailable)
CPSP249T
CPSP259A
CPSP259B
(skipped: bad location)
CPSP259E
CPSP259F
CPSP259G
(skipped: location unavailable)
CPSP259J
(skipped: location unavailable)
CPSP259N
(skipped: location unavailable)
CPSP269A
(skipped: location unavailable)
(skipped: location unavailable)
(skipped: location unavailable)
CPSP269T
CPSP279B
(skipped: bad location)
CPSP279F
CPSP359N
(skipped: location unavailable)
CPSP359S
CPSP359W
(skipped: bad location)
CPSP369D
(skipped: location unavailable)
CPSP369E
(skipped: location unavailable)
CPSS
CPSS101
CPSS225
DANC
DANC109
DANC128
DANC138P
DANC138W
DANC148
DANC149
DANC199
DANC200
DANC207
DANC209
DANC218
DANC219
DANC228
DANC229
DANC299
DANC318
DANC319
DANC328
DANC329
DANC338F
DANC398
DANC399
DANC405
DANC420
DANC448
DANC449
DANC488
DANC499
DANC611
DANC647
DANC648
DANC649
DANC679
(skipped: location unavailable)
(skipped: location unavailable)
(skipped: location unavailable)
(skipped: location unavailable)
(skipped: location unavailable)
(skipped: location unavailable)
(skipped: location unavailable)
(skipped: location unavailable)
(skipped: location unavailable)
DANC689P
DANC698
DANC705
(skipped: no days available)
(skipped: no days available)
DANC708
DANC766
DANC777
(skipped: location unavailable)
DANC784
DANC788
DANC789
(skipped: location unavailable)
(skipped: location unavailable)
(skipped: location unavailable)
(skipped: location unavailable)
(skipped: location unavailable)
(skipped: location unavailable)
(skipped: location unavailable)
(skipped: location unavailable)
(skipped: location unavailable)
(skipped: location unavailable)
DANC799
ECON
ECON155
ECON200
ECON201
ECON300
ECON305
ECON311
ECON315
ECON317
ECON321
ECON325
ECON326
ECON330
ECON386
ECON397
ECON398I
ECON399
ECON401
ECON407
ECON412
ECON414
ECON416
ECON418M
ECON422
ECON423
ECON424
ECON435
ECON442
ECON443
ECON451
ECON454
ECON460
ECON470
ECON602
ECON604
ECON615
ECON624
ECON641
(skipped: bad location)
(skipped: no days available)
ECON643
(skipped: bad location)
(skipped: no days available)
ECON645
(skipped: bad location)
(skipped: no days available)
ECON664
ECON671
(skipped: bad location)
(skipped: no days available)
ECON674
(skipped: bad location)
(skipped: no days available)
ECON675
(skipped: bad location)
(skipped: no days available)
ECON698
ECON702
ECON704
ECON708
(skipped: bad location)
(skipped: bad location)
(skipped: bad location)
ECON709
(skipped: bad location)
(skipped: bad location)
(skipped: bad location)
(skipped: bad location)
ECON722
ECON743
ECON752
ECON756
ECON772
ECON799
ECON808
(skipped: bad location)
(skipped: bad location)
(skipped: bad location)
(skipped: bad location)
ECON828
ECON848
ECON868
(skipped: bad location)
ECON878
(skipped: bad location)
ECON898
ECON899
EDCI
EDCI210
(skipped: location unavailable)
EDCI243
EDCI246
EDCI280
(skipped: bad location)
(skipped: bad location)
(skipped: bad location)
(skipped: bad location)
EDCI286
EDCI288B
EDCI288E
(skipped: location unavailable)
EDCI288O
(skipped: location unavailable)
EDCI297
EDCI298
EDCI397
EDCI401
(skipped: location unavailable)
(skipped: location unavailable)
EDCI402
(skipped: location unavailable)
EDCI404
EDCI405
EDCI407
EDCI414
(skipped: bad location)
EDCI417
EDCI420
EDCI421
(skipped: location unavailable)
EDCI425
EDCI430
EDCI431
(skipped: location unavailable)
EDCI434
EDCI436
EDCI437
EDCI440
(skipped: bad location)
EDCI441
(skipped: location unavailable)
EDCI443
EDCI450
EDCI451
(skipped: location unavailable)
EDCI460
(skipped: location unavailable)
EDCI461
(skipped: bad location)
EDCI462
(skipped: bad location)
(skipped: bad location)
EDCI463
EDCI464
EDCI466
EDCI471
(skipped: location unavailable)
EDCI474
EDCI475
EDCI480
EDCI481
(skipped: bad location)
(skipped: location unavailable)
EDCI488D
EDCI489
EDCI498
EDCI600
(skipped: bad location)
EDCI611
(skipped: bad location)
(skipped: bad location)
(skipped: bad location)
EDCI612
EDCI613
(skipped: location unavailable)
(skipped: bad location)
EDCI618
(skipped: bad location)
(skipped: location unavailable)
EDCI620
(skipped: bad location)
EDCI622
(skipped: location unavailable)
EDCI625
(skipped: no days available)
(skipped: bad location)
EDCI630
(skipped: no days available)
EDCI631
(skipped: no days available)
EDCI632
EDCI633
EDCI637
(skipped: location unavailable)
EDCI638
EDCI645
(skipped: bad location)
(skipped: location unavailable)
EDCI657
EDCI661
EDCI665
(skipped: bad location)
EDCI666
EDCI667
(skipped: bad location)
EDCI670
EDCI673
(skipped: bad location)
EDCI676
(skipped: bad location)
EDCI685
EDCI688M
(skipped: bad location)
EDCI688W
(skipped: bad location)
EDCI689
(skipped: location unavailable)
(skipped: location unavailable)
(skipped: location unavailable)
(skipped: location unavailable)
(skipped: location unavailable)
(skipped: location unavailable)
(skipped: location unavailable)
(skipped: location unavailable)
(skipped: location unavailable)
(skipped: location unavailable)
(skipped: location unavailable)
(skipped: bad location)
EDCI697
(skipped: bad location)
EDCI698
(skipped: location unavailable)
(skipped: bad location)
(skipped: bad location)
(skipped: bad location)
EDCI735
EDCI753
EDCI758
EDCI784
EDCI786
EDCI788
EDCI788F
EDCI788R
EDCI792
EDCI798
EDCI798B
EDCI799
EDCI858
(skipped: location unavailable)
EDCI888
EDCI889
EDCI898
EDCI899
EDCP
EDCP108B
(skipped: location unavailable)
EDCP108C
EDCP108G
EDCP108J
EDCP108M
(skipped: no days available)
(skipped: no days available)
EDCP220
EDCP310
EDCP386
EDCP462
EDCP489
EDCP498
EDCP499A
EDCP610
(skipped: no days available)
EDCP612
EDCP615
EDCP619D
EDCP630
EDCP633
EDCP655
EDCP680
EDCP686
EDCP693
EDCP694
EDCP717
EDCP738
(skipped: bad location)
EDCP742
EDCP771
EDCP773
EDCP788
(skipped: location unavailable)
EDCP789J
(skipped: location unavailable)
EDCP789N
EDCP789Z
(skipped: bad location)
EDCP798
EDCP799
EDCP870
EDCP888
EDCP888A
(skipped: location unavailable)
(skipped: location unavailable)
EDCP888C
(skipped: location unavailable)
(skipped: location unavailable)
(skipped: location unavailable)
(skipped: location unavailable)
EDCP889
EDCP898
EDCP899
EDHD
EDHD210
EDHD220
(skipped: bad location)
(skipped: bad location)
(skipped: bad location)
(skipped: bad location)
(skipped: bad location)
EDHD230
EDHD231
EDHD306
EDHD313
(skipped: location unavailable)
EDHD314
(skipped: location unavailable)
EDHD319
EDHD320
EDHD386
EDHD400
EDHD411
EDHD413
EDHD415
EDHD419B
(skipped: location unavailable)
EDHD420
EDHD421
EDHD424
(skipped: location unavailable)
EDHD425
EDHD426
EDHD430
EDHD432
(skipped: location unavailable)
EDHD436
EDHD460
EDHD489
EDHD498
EDHD498V
(skipped: location unavailable)
EDHD629
EDHD711
EDHD718
EDHD751
EDHD775
EDHD780
EDHD789
EDHD798
EDHD799
EDHD820
EDHD888
EDHD889
EDHD898
EDHD899
EDHI
EDHI338A
EDHI338C
EDHI338D
EDHI338G
EDHI338K
EDHI338R
EDHI338T
(skipped: bad location)
EDHI489
EDHI498
EDHI605
EDHI607
EDHI653
EDHI662
EDHI665
EDHI666
EDHI667
EDHI679
EDHI689
EDHI701
(skipped: bad location)
(skipped: bad location)
(skipped: location unavailable)
EDHI740
(skipped: bad location)
(skipped: bad location)
EDHI747
(skipped: bad location)
(skipped: bad location)
(skipped: location unavailable)
EDHI755
EDHI788M
EDHI788T
EDHI789
EDHI798
EDHI799
EDHI888
(skipped: location unavailable)
EDHI889
EDHI898
EDHI899
EDMS
EDMS410
EDMS451
EDMS610
(skipped: location unavailable)
EDMS645
EDMS646
EDMS651
EDMS655
EDMS722
EDMS724
EDMS769B
EDMS771
EDMS798
EDMS799
EDMS889
EDMS898
EDMS899
EDPS
EDPS210
EDPS301
EDPS489
EDPS498
EDPS613
EDPS615
EDPS679
EDPS736
EDPS751
EDPS788F
EDPS788K
EDPS788T
EDPS789
EDPS798
EDPS799
EDPS888
(skipped: location unavailable)
EDPS889
EDPS898
EDPS899
EDSP
EDSP210
EDSP211
EDSP220
(skipped: bad location)
EDSP289I
EDSP376
EDSP403
EDSP410
EDSP415
EDSP416
EDSP423
EDSP424
(skipped: bad location)
(skipped: bad location)
EDSP430
EDSP435
(skipped: bad location)
EDSP454
(skipped: bad location)
(skipped: bad location)
EDSP470
EDSP474
EDSP476
EDSP485
EDSP489
(skipped: location unavailable)
EDSP498
EDSP498B
(skipped: location unavailable)
EDSP499
EDSP603
(skipped: bad location)
EDSP614
EDSP615
EDSP616
EDSP624
EDSP631
EDSP670
(skipped: bad location)
EDSP674
EDSP683
EDSP690
(skipped: location unavailable)
(skipped: location unavailable)
EDSP694
(skipped: location unavailable)
EDSP695
(skipped: location unavailable)
(skipped: location unavailable)
EDSP696
(skipped: location unavailable)
EDSP798
EDSP798K
EDSP799
EDSP888
EDSP888A
EDSP889
EDSP898
EDSP899
EDUC
EDUC388
(skipped: location unavailable)
(skipped: location unavailable)
(skipped: location unavailable)
EDUC388H
EDUC498
(skipped: location unavailable)
EDUC499H
(skipped: location unavailable)
EDUC588A
(skipped: location unavailable)
EDUC888
(skipped: location unavailable)
(skipped: location unavailable)
(skipped: location unavailable)
(skipped: location unavailable)
EDUC898
(skipped: location unavailable)
(skipped: location unavailable)
(skipped: location unavailable)
(skipped: location unavailable)
ENAE
ENAE200
ENAE202
ENAE324
ENAE398H
ENAE404
ENAE414
ENAE415
ENAE420
ENAE425
ENAE432
ENAE464
ENAE471
ENAE482
ENAE484
ENAE488C
ENAE488F
(skipped: location unavailable)
(skipped: location unavailable)
(skipped: location unavailable)
(skipped: location unavailable)
ENAE488R
(skipped: location unavailable)
ENAE488T
ENAE499
ENAE602
ENAE633
(skipped: bad location)
ENAE634
ENAE635
ENAE652
(skipped: bad location)
(skipped: bad location)
(skipped: bad location)
(skipped: bad location)
ENAE654
ENAE656
(skipped: bad location)
(skipped: bad location)
ENAE665
ENAE676
ENAE683
ENAE685
ENAE691
ENAE697
(skipped: bad location)
(skipped: no days available)
ENAE741
ENAE742
ENAE788F
(skipped: location unavailable)
(skipped: location unavailable)
(skipped: location unavailable)
(skipped: location unavailable)
ENAE788G
ENAE788J
ENAE799
ENAE898
ENAE899
ENCE
ENCE100
ENCE200
ENCE201
ENCE215
ENCE300
ENCE302
ENCE305
ENCE310
ENCE320
ENCE340
ENCE353
ENCE360
ENCE370
ENCE402
ENCE411
(skipped: bad location)
(skipped: bad location)
ENCE412
ENCE421
ENCE422
ENCE423
ENCE424
ENCE431
ENCE444
ENCE447
ENCE453
ENCE455
ENCE466
ENCE472
ENCE489
ENCE489O
ENCE602
ENCE604
(skipped: no days available)
ENCE624
(skipped: no days available)
ENCE627
(skipped: no days available)
ENCE631
ENCE637
ENCE641
ENCE647
ENCE662
(skipped: no days available)
ENCE664
ENCE665
(skipped: no days available)
ENCE667
ENCE673
ENCE675
ENCE688C
ENCE688F
ENCE688O
ENCE688W
(skipped: no days available)
ENCE689
ENCE710
ENCE713
ENCE715
ENCE755
ENCE799
ENCE898
ENCE899
ENCH
ENCH609
ENCH630
ENCH640
ENCH648
ENCH648K
(skipped: location unavailable)
(skipped: no days available)
(skipped: location unavailable)
(skipped: location unavailable)
ENCH648N
ENCH648P
ENCH781
ENCH799
ENCH898
ENCH899
ENCO
ENCO099
(skipped: location unavailable)
ENEE
ENEE140
ENEE150
ENEE200
ENEE205
ENEE222
ENEE244
ENEE245
ENEE303
ENEE307
ENEE313
ENEE313H
ENEE322
ENEE324
ENEE324H
ENEE350
ENEE359F
ENEE380
ENEE381
ENEE381H
ENEE408A
(skipped: no start time)
ENEE408D
ENEE408G
ENEE417
ENEE420
ENEE425
ENEE428
ENEE440
ENEE445
ENEE446
ENEE459E
ENEE461
ENEE463
ENEE473
ENEE475
ENEE488
(skipped: location unavailable)
(skipped: location unavailable)
(skipped: location unavailable)
(skipped: location unavailable)
(skipped: location unavailable)
ENEE489A
ENEE489Q
ENEE496
ENEE499
ENEE601
ENEE611
ENEE620
ENEE621
ENEE625
ENEE627
ENEE631
ENEE634
ENEE640
ENEE645
ENEE661
ENEE664
ENEE681
ENEE691
ENEE698A
ENEE698D
ENEE698E
ENEE698Q
ENEE699
ENEE739E
ENEE759B
ENEE790
ENEE799
ENEE898
ENEE899
ENES
ENES100
(skipped: no days available)
(skipped: no days available)
(skipped: no days available)
(skipped: no days available)
(skipped: no days available)
(skipped: no days available)
(skipped: no days available)
(skipped: no days available)
(skipped: no days available)
(skipped: no days available)
(skipped: no days available)
ENES100A
(skipped: no days available)
(skipped: no days available)
(skipped: no days available)
(skipped: no days available)
(skipped: no days available)
(skipped: no days available)
(skipped: no days available)
(skipped: no days available)
(skipped: no days available)
(skipped: no days available)
(skipped: no days available)
(skipped: no days available)
ENES102
ENES108
(skipped: bad location)
ENES114
(skipped: location unavailable)
ENES116
(skipped: location unavailable)
ENES140
(skipped: no days available)
ENES190H
ENES210
ENES214
ENES216
(skipped: location unavailable)
ENES220
ENES221
ENES232
ENES305
ENES317
ENES390H
ENES397
ENES440
(skipped: location unavailable)
ENES460
ENES462
(skipped: no days available)
ENES464
ENES466
ENES472
(skipped: no days available)
ENES474
(skipped: no days available)
ENES481
ENES489P
ENES489Q
(skipped: location unavailable)
ENES490H
(skipped: location unavailable)
ENES491
ENES498E
ENES498R
ENES601
ENES603
ENES604
(skipped: location unavailable)
ENES666
(skipped: no days available)
ENES667
(skipped: no days available)
ENFP
ENFP101
ENFP300
ENFP320
ENFP350
ENFP410
ENFP411
ENFP426
ENFP429
ENFP440
ENFP489
ENFP489I
ENFP619
(skipped: location unavailable)
(skipped: location unavailable)
ENFP620
ENFP627
ENFP629
ENFP629I
ENFP630
ENFP649
ENFP652
(skipped: no days available)
ENFP661
(skipped: no days available)
ENFP799
ENGL
ENGL101
(skipped: no days available)
(skipped: no days available)
(skipped: no days available)
(skipped: no days available)
(skipped: no days available)
(skipped: no days available)
ENGL101A
ENGL101S
ENGL101X
ENGL201
ENGL202
ENGL206
ENGL221
ENGL222
ENGL233
ENGL234
ENGL243
ENGL244
ENGL245
ENGL250
ENGL255
ENGL261
ENGL265
ENGL271
ENGL272
ENGL273
ENGL274
ENGL278D
ENGL280
ENGL281
ENGL289J
ENGL289P
ENGL289T
ENGL292
ENGL293
ENGL295
ENGL301
ENGL304
ENGL305
ENGL310
ENGL312
ENGL313
ENGL317
ENGL329A
ENGL329K
ENGL346
ENGL348P
ENGL352
ENGL353
ENGL359C
ENGL360
ENGL361
ENGL368B
ENGL368C
ENGL370
ENGL379G
ENGL379P
ENGL379R
ENGL383
ENGL388C
ENGL388D
(skipped: location unavailable)
ENGL388M
(skipped: location unavailable)
ENGL388P
(skipped: location unavailable)
ENGL388R
(skipped: location unavailable)
ENGL388T
(skipped: location unavailable)
ENGL388V
(skipped: location unavailable)
ENGL388W
ENGL390
ENGL391
ENGL391H
ENGL392
ENGL393
ENGL393H
ENGL393X
ENGL394
(skipped: no days available)
(skipped: no days available)
(skipped: no days available)
ENGL395
ENGL398A
ENGL398B
ENGL398C
ENGL398E
ENGL398L
ENGL398N
ENGL398R
ENGL398V
ENGL402
ENGL403
ENGL404
ENGL416
ENGL420
ENGL428X
ENGL428Z
ENGL429
ENGL431
ENGL435
ENGL437
ENGL440
ENGL444
ENGL454
ENGL462
ENGL467
ENGL470
ENGL478E
ENGL478K
ENGL479B
ENGL479E
ENGL479L
ENGL487
ENGL495
ENGL498
ENGL499
ENGL601
ENGL602
ENGL607
ENGL611
ENGL629C
ENGL630
ENGL631
ENGL688
ENGL689
ENGL699
ENGL738T
ENGL748F
ENGL749J
ENGL749K
ENGL788
ENGL789
ENGL798B
(skipped: no start time)
ENGL799
ENGL809
(skipped: location unavailable)
ENGL878
ENGL879
ENGL898
ENGL899
ENMA
ENMA300
ENMA301
ENMA312
ENMA315
ENMA412
ENMA425
ENMA426
ENMA432
ENMA442
ENMA460
ENMA461
ENMA465
ENMA470
ENMA481
ENMA489A
ENMA489C
ENMA489X
ENMA490
ENMA499
(skipped: location unavailable)
ENMA612
ENMA620
ENMA642
ENMA661
ENMA671
ENMA683
ENMA685
ENMA688
ENMA698
ENMA698A
ENMA698D
ENMA797
(skipped: location unavailable)
ENMA799
ENMA898
ENMA899
ENME
ENME201
ENME242
ENME272
ENME331
ENME332
ENME350
ENME351
ENME361
ENME371
ENME382
ENME392
ENME400
ENME408
ENME410
ENME421
ENME424
ENME431
(skipped: no days available)
ENME432
ENME436
ENME461
ENME462
ENME464
ENME466
ENME467
ENME470
ENME472
ENME488
ENME489
ENME489B
ENME489C
ENME489D
ENME489E
ENME489I
ENME489M
ENME489P
ENME489Q
ENME489W
ENME489Z
ENME600
(skipped: no days available)
(skipped: bad location)
(skipped: no days available)
(skipped: bad location)
(skipped: bad location)
ENME607
(skipped: location unavailable)
(skipped: bad location)
(skipped: location unavailable)
(skipped: bad location)
(skipped: location unavailable)
ENME632
ENME635
ENME646
ENME664
ENME672
(skipped: bad location)
(skipped: bad location)
(skipped: bad location)
(skipped: bad location)
ENME674
(skipped: bad location)
(skipped: bad location)
(skipped: bad location)
ENME684
ENME695
(skipped: no days available)
(skipped: bad location)
(skipped: no days available)
(skipped: bad location)
(skipped: bad location)
ENME696
(skipped: bad location)
(skipped: bad location)
(skipped: bad location)
ENME700
ENME707
(skipped: no days available)
ENME799
ENME808G
ENME808I
ENME808L
ENME808M
ENME898
ENME899
ENNU
ENNU648K
(skipped: no days available)
ENNU648M
(skipped: no days available)
ENNU799
ENNU898
ENNU899
ENPM
ENPM601
(skipped: bad location)
(skipped: bad location)
(skipped: bad location)
ENPM602
(skipped: bad location)
(skipped: bad location)
(skipped: bad location)
ENPM604
(skipped: bad location)
(skipped: bad location)
(skipped: bad location)
ENPM609
(skipped: bad location)
(skipped: bad location)
(skipped: bad location)
ENPM612
(skipped: bad location)
(skipped: bad location)
(skipped: bad location)
ENPM614
(skipped: bad location)
(skipped: bad location)
(skipped: bad location)
ENPM632
(skipped: bad location)
(skipped: bad location)
(skipped: bad location)
ENPM635
(skipped: bad location)
(skipped: no days available)
(skipped: bad location)
(skipped: bad location)
ENPM642
(skipped: bad location)
(skipped: bad location)
(skipped: bad location)
ENPM644
(skipped: bad location)
(skipped: bad location)
(skipped: bad location)
ENPM646
(skipped: bad location)
(skipped: bad location)
(skipped: bad location)
ENPM647
(skipped: bad location)
(skipped: bad location)
(skipped: bad location)
ENPM650
(skipped: bad location)
(skipped: no days available)
(skipped: bad location)
(skipped: bad location)
ENPM656
(skipped: bad location)
(skipped: no days available)
(skipped: bad location)
(skipped: bad location)
ENPM670
(skipped: no days available)
ENPM671
(skipped: bad location)
(skipped: bad location)
(skipped: bad location)
ENPM672
(skipped: no days available)
ENPM682
(skipped: no days available)
ENPM691
(skipped: no days available)
(skipped: bad location)
(skipped: bad location)
(skipped: bad location)
ENPM808
(skipped: location unavailable)
ENPM808E
(skipped: no days available)
ENPM808F
(skipped: no days available)
(skipped: bad location)
(skipped: bad location)
(skipped: bad location)
ENPM808R
(skipped: bad location)
(skipped: bad location)
(skipped: bad location)
ENPM808T
(skipped: bad location)
(skipped: bad location)
(skipped: bad location)
ENPP
ENPP611
(skipped: location unavailable)
ENRE
ENRE447
(skipped: bad location)
(skipped: no days available)
(skipped: bad location)
(skipped: bad location)
ENRE489
ENRE640
(skipped: bad location)
ENRE645
(skipped: bad location)
(skipped: bad location)
ENRE648
ENRE655
(skipped: no days available)
(skipped: bad location)
(skipped: no days available)
(skipped: bad location)
(skipped: bad location)
ENRE671
(skipped: location unavailable)
(skipped: bad location)
(skipped: location unavailable)
(skipped: bad location)
(skipped: location unavailable)
ENRE799
ENRE898
ENRE899
ENSE
ENSE622
ENSE624
ENSE626
(skipped: bad location)
(skipped: bad location)
(skipped: bad location)
ENSE627
(skipped: bad location)
(skipped: bad location)
(skipped: bad location)
ENSE698F
ENSE698G
(skipped: bad location)
ENSE699
ENSE799
ENSP
ENSP102
ENSP305
ENSP330
ENSP342
ENSP386
ENSP399
ENSP399R
(skipped: location unavailable)
ENSP400
ENSP499
ENST
ENST140
ENST233
ENST309
(skipped: location unavailable)
ENST334
ENST360
ENST389
(skipped: location unavailable)
ENST404
ENST405
ENST406
ENST421
ENST423
ENST430
ENST432
ENST436
ENST440
ENST443
ENST445
ENST452
ENST453
ENST462
ENST467
ENST472
(skipped: bad location)
(skipped: location unavailable)
(skipped: bad location)
(skipped: location unavailable)
(skipped: bad location)
(skipped: location unavailable)
(skipped: location unavailable)
(skipped: location unavailable)
(skipped: bad location)
(skipped: location unavailable)
(skipped: location unavailable)
(skipped: location unavailable)
(skipped: bad location)
(skipped: location unavailable)
(skipped: bad location)
(skipped: location unavailable)
(skipped: location unavailable)
(skipped: bad location)
(skipped: location unavailable)
(skipped: bad location)
(skipped: location unavailable)
ENST479
(skipped: location unavailable)
ENST481
ENST489
ENST489D
ENST499
ENST499D
(skipped: location unavailable)
ENST499Z
(skipped: location unavailable)
ENST604
ENST605
ENST630
ENST640
ENST643
ENST681
(skipped: location unavailable)
ENST689D
(skipped: location unavailable)
ENST689N
(skipped: location unavailable)
ENST689X
(skipped: location unavailable)
ENST689Z
(skipped: location unavailable)
ENST702
ENST798
ENST799
ENST898
ENST899
ENTM
ENTM612
ENTM699J
(skipped: location unavailable)
ENTM788C
ENTM799
ENTM898
ENTM899
ENTS
ENTS625
ENTS629B
ENTS629C
ENTS630
ENTS632
ENTS635
ENTS641
ENTS656
ENTS659B
ENTS670
ENTS689G
ENTS689K
(skipped: location unavailable)
ENTS689L
ENTS749C
ENTS759A
ENTS759B
ENTS759C
EPIB
EPIB399
EPIB610
(skipped: no days available)
EPIB611
EPIB620
EPIB641
EPIB650
(skipped: no days available)
EPIB651
EPIB653
EPIB657
EPIB740
EPIB785
EPIB786
EPIB788
EPIB798
EPIB799
EPIB898
EPIB899
EXST
EXST018A
(skipped: bad location)
EXST018B
EXST018C
(skipped: bad location)
EXST018D
(skipped: bad location)
EXST019A
EXST019B
EXST019C
EXST019D
EXST019E
EXST019F
EXST019G
EXST019I
EXST019J
EXST019K
EXST019L
EXST029A
EXST029B
EXST029C
EXST029D
EXST029E
EXST048A
(skipped: location unavailable)
EXST048B
(skipped: no start time)
EXST048C
EXST049A
EXST049B
EXST049C
EXST049D
EXST049E
EXST049F
(skipped: no start time)
EXST058A
EXST058B
EXST079A
FILM
FILM245
FILM302
FILM319C
FILM329K
FILM332
FILM336
FILM346
FILM385
FILM388
FILM469B
FILM499
FIRE
FIRE150
(skipped: location unavailable)
FIRE151
(skipped: location unavailable)
FIRE152
(skipped: location unavailable)
FIRE153
(skipped: location unavailable)
FIRE154
(skipped: location unavailable)
FIRE155
(skipped: location unavailable)
FIRE156
(skipped: location unavailable)
FIRE157
(skipped: location unavailable)
FMSC
FMSC170
FMSC260
FMSC280
FMSC290
FMSC302
FMSC330
FMSC332
FMSC341
FMSC381
FMSC383
FMSC399
FMSC410
FMSC431
FMSC432
FMSC460
FMSC477
(skipped: location unavailable)
FMSC487
FMSC498
FMSC498H
FMSC498M
FMSC610
FMSC647
FMSC651
(skipped: bad location)
(skipped: location unavailable)
FMSC653
(skipped: bad location)
(skipped: location unavailable)
FMSC658
(skipped: bad location)
(skipped: bad location)
FMSC689
FMSC698
FMSC699
FMSC730
(skipped: bad location)
FMSC745
(skipped: bad location)
FMSC789
FMSC799
FMSC810
(skipped: bad location)
FMSC879
(skipped: bad location)
FMSC898
FMSC899
FOLA
FOLA138R
(skipped: location unavailable)
(skipped: location unavailable)
(skipped: location unavailable)
(skipped: location unavailable)
(skipped: location unavailable)
FOLA139R
(skipped: location unavailable)
(skipped: location unavailable)
(skipped: location unavailable)
FOLA148R
(skipped: location unavailable)
FOLA149R
(skipped: location unavailable)
FOLA158R
(skipped: location unavailable)
(skipped: location unavailable)
FOLA158X
(skipped: location unavailable)
FOLA159R
(skipped: location unavailable)
(skipped: location unavailable)
FOLA159X
(skipped: location unavailable)
FOLA386
FREN
FREN103
(skipped: no days available)
(skipped: no days available)
(skipped: no days available)
FREN203
(skipped: no days available)
(skipped: no days available)
(skipped: no days available)
(skipped: no days available)
FREN204
(skipped: no days available)
FREN250
FREN250H
FREN301
FREN302
FREN311
(skipped: no days available)
FREN352
FREN352H
FREN386
FREN399
FREN401
FREN495H
FREN498F
FREN498L
FREN499C
FREN699O
FREN699P
FREN699T
FREN798
FREN799
FREN889
FREN898
FREN899
GEMS
GEMS102
GEMS104
GEMS208E
(skipped: location unavailable)
GEMS208F
(skipped: location unavailable)
GEMS208G
(skipped: location unavailable)
GEMS208I
(skipped: location unavailable)
GEMS208J
(skipped: location unavailable)
GEMS208K
(skipped: location unavailable)
GEMS208L
(skipped: location unavailable)
GEMS208T
(skipped: location unavailable)
GEMS296
(skipped: location unavailable)
(skipped: location unavailable)
GEMS297
(skipped: bad location)
(skipped: bad location)
(skipped: bad location)
(skipped: bad location)
(skipped: location unavailable)
(skipped: bad location)
(skipped: bad location)
(skipped: bad location)
(skipped: bad location)
(skipped: bad location)
(skipped: bad location)
(skipped: location unavailable)
GEMS396
(skipped: location unavailable)
GEMS397
(skipped: bad location)
(skipped: bad location)
(skipped: bad location)
(skipped: bad location)
(skipped: bad location)
(skipped: bad location)
(skipped: bad location)
(skipped: bad location)
(skipped: bad location)
(skipped: bad location)
(skipped: bad location)
(skipped: bad location)
(skipped: location unavailable)
GEMS496
(skipped: location unavailable)
GEMS497
(skipped: bad location)
(skipped: bad location)
(skipped: bad location)
(skipped: bad location)
(skipped: bad location)
(skipped: bad location)
(skipped: location unavailable)
GEOG
GEOG100
GEOG130
GEOG140
GEOG201
GEOG202
GEOG211
GEOG212
GEOG312
GEOG328B
GEOG372
GEOG373
GEOG376
GEOG384
(skipped: location unavailable)
GEOG384H
(skipped: location unavailable)
GEOG385
(skipped: location unavailable)
GEOG385H
(skipped: location unavailable)
GEOG396
(skipped: location unavailable)
GEOG397
(skipped: location unavailable)
GEOG398
GEOG398B
GEOG398C
GEOG413
GEOG415
GEOG437
GEOG441
GEOG473
GEOG498
GEOG498E
GEOG498L
GEOG498R
GEOG498V
GEOG498W
GEOG606
GEOG608
GEOG636
GEOG788
GEOG788E
GEOG788M
GEOG788R
GEOG788V
GEOG788W
GEOG789
GEOG790
GEOG798
GEOG799
GEOG898
GEOG899
GEOL
GEOL100
GEOL102
GEOL110
GEOL120
GEOL123
GEOL204
GEOL224
GEOL322
GEOL340
GEOL342
GEOL393
(skipped: location unavailable)
GEOL393H
(skipped: location unavailable)
GEOL394
GEOL394H
GEOL431
GEOL435
GEOL443
GEOL451
GEOL457
GEOL463
GEOL489P
GEOL489R
GEOL497
(skipped: bad location)
GEOL497H
(skipped: bad location)
GEOL499
GEOL635
GEOL653
GEOL654
GEOL657
GEOL789E
GEOL789M
GEOL789P
GEOL789R
GEOL789T
GEOL798
GEOL799
GEOL898
GEOL899
GERM
GERM103
(skipped: no days available)
(skipped: no days available)
GERM148Y
GERM203
(skipped: no days available)
(skipped: no days available)
GERM204
GERM283
GERM301
GERM302
GERM320
GERM320H
GERM385
GERM386
GERM397H
GERM403
GERM403H
GERM436
GERM439A
GERM449P
GERM499
GERM689A
GERM689J
GERM798
GERM799
GERM888
GERM898
GERM899
GREK
GREK102
GREK112
GREK212
GREK301
GREK399
GREK415
GREK499
GREK604
GREK699
GREK799
GVPT
GVPT100
GVPT101
GVPT170
GVPT200
GVPT221
GVPT241
GVPT273
GVPT289A
GVPT289L
GVPT306
GVPT317
GVPT331
GVPT339B
GVPT355
GVPT356
GVPT360
GVPT368I
GVPT368J
(skipped: no days available)
GVPT376
(skipped: location unavailable)
GVPT377
GVPT386
GVPT388
GVPT388I
GVPT388M
GVPT388P
GVPT389
GVPT390
GVPT396
GVPT397
GVPT399G
GVPT409H
GVPT409Q
GVPT423
GVPT432
GVPT439A
GVPT441
GVPT449C
GVPT449D
GVPT449K
GVPT459D
GVPT459F
GVPT459X
GVPT474
GVPT475
GVPT479C
GVPT479D
GVPT479H
GVPT479R
GVPT479Y
GVPT487
GVPT599
(skipped: location unavailable)
GVPT722
(skipped: bad location)
GVPT729C
GVPT729D
GVPT742
GVPT771
GVPT780
GVPT799
GVPT803
GVPT808A
GVPT808C
(skipped: bad location)
GVPT828B
GVPT878D
GVPT884
GVPT888C
GVPT889M
(skipped: bad location)
GVPT898
GVPT899
HACS
HACS102
HACS208E
HACS208P
HACS279
(skipped: location unavailable)
(skipped: location unavailable)
(skipped: location unavailable)
(skipped: location unavailable)
HACS287
(skipped: location unavailable)
(skipped: location unavailable)
(skipped: location unavailable)
(skipped: location unavailable)
(skipped: location unavailable)
(skipped: location unavailable)
HACS297
HACS479
(skipped: location unavailable)
(skipped: location unavailable)
(skipped: location unavailable)
(skipped: location unavailable)
HDCC
HDCC106
HDCC209A
HDCC209B
HDCC209C
HDCC209D
HDCC379
(skipped: location unavailable)
HEBR
HEBR112
HEBR212
HEBR298O
HEBR314
(skipped: no days available)
HEBR386
HEBR498K
HEBR499
HEIP
HEIP144
HEIP241
HESI
HESI217
HESI315
HESI318A
(skipped: no days available)
HESI318E
HESI318G
HESI318N
(skipped: location unavailable)
(skipped: location unavailable)
HESI318O
HESI318T
HESI417
HESI418B
HESI418F
HESI418G
HESI418J
(skipped: bad location)
HESI418K
HESI418M
(skipped: location unavailable)
HESI470
(skipped: location unavailable)
HESI489
(skipped: location unavailable)
HESP
HESP120
HESP202
HESP300
HESP305
HESP311
HESP386
HESP388
HESP389
HESP400
HESP402
HESP403
HESP404
HESP407
HESP411
HESP418A
(skipped: location unavailable)
HESP418B
(skipped: location unavailable)
(skipped: location unavailable)
HESP422
HESP469
HESP469A
HESP469B
HESP498
HESP498B
HESP499
HESP499H
HESP602
HESP610
HESP620
HESP627
HESP632
HESP638
HESP639D
HESP648B
HESP649A
HESP649B
HESP701
HESP706
HESP708
HESP724
HESP728
HESP729
(skipped: no start time)
(skipped: location unavailable)
HESP730
HESP788
HESP799
HESP818C
HESP829
(skipped: location unavailable)
HESP849
HESP859
HESP889
HESP898
HESP899
HHUM
HHUM106
HHUM206
HHUM328
(skipped: location unavailable)
HHUM329
(skipped: location unavailable)
HISP
HISP205
HISP630
HISP635
HISP640
HISP660
(skipped: location unavailable)
HISP670
HISP679
(skipped: bad location)
HISP701
(skipped: location unavailable)
HISP710
(skipped: location unavailable)
HISP711
(skipped: location unavailable)
HIST
HIST110
HIST111
HIST123
HIST136
(skipped: no days available)
(skipped: no days available)
(skipped: no days available)
(skipped: no days available)
(skipped: no days available)
(skipped: no days available)
HIST143
HIST189B
HIST200
HIST201
HIST208D
(skipped: location unavailable)
(skipped: location unavailable)
HIST208E
(skipped: location unavailable)
(skipped: location unavailable)
HIST208F
(skipped: location unavailable)
(skipped: location unavailable)
HIST208G
(skipped: location unavailable)
(skipped: location unavailable)
HIST211
HIST219F
HIST219I
HIST219T
HIST222
HIST225
HIST235
HIST236
HIST237
HIST245
HIST251
HIST255
HIST266
HIST283
HIST285
HIST289N
HIST289O
HIST289R
HIST289T
HIST289X
HIST299
HIST307
HIST319N
HIST319R
HIST321
HIST325
HIST326
HIST328C
HIST328G
HIST328M
HIST329E
HIST329X
HIST331
HIST333
HIST354
HIST355
HIST356
HIST357
HIST386
HIST396
(skipped: location unavailable)
HIST399
HIST404
HIST405
HIST408C
(skipped: location unavailable)
HIST408E
(skipped: location unavailable)
HIST408F
(skipped: location unavailable)
HIST408I
(skipped: location unavailable)
HIST408K
(skipped: location unavailable)
HIST408O
(skipped: location unavailable)
HIST408X
(skipped: location unavailable)
HIST408Y
(skipped: location unavailable)
HIST416
HIST417
HIST419B
(skipped: location unavailable)
HIST419T
HIST428F
HIST428G
HIST428J
HIST428M
HIST428Q
HIST429E
HIST429F
HIST429L
(skipped: location unavailable)
HIST429T
HIST431
HIST441
HIST442
HIST462
HIST466
HIST483
HIST499
HIST601
HIST607
(skipped: location unavailable)
(skipped: location unavailable)
HIST608B
HIST608C
HIST610
(skipped: bad location)
HIST619A
HIST619B
HIST619D
HIST619G
HIST619I
(skipped: location unavailable)
HIST619P
(skipped: location unavailable)
HIST619Q
HIST619R
HIST619V
HIST619Z
HIST708
HIST709
HIST799
HIST819A
HIST819B
HIST819D
HIST848
HIST898
HIST899
HLSA
HLSA601
HLSA688
HLSA689
(skipped: location unavailable)
HLSA709
(skipped: no days available)
HLSA710
HLSA711
HLSA721
HLSA740
(skipped: no days available)
HLSA772
HLSA785
(skipped: location unavailable)
(skipped: location unavailable)
(skipped: location unavailable)
(skipped: location unavailable)
(skipped: location unavailable)
(skipped: no days available)
HLSA786
HLSA787
HLSA790
HLSA792
(skipped: bad location)
HLSA799
HLSA898
HLSA899
HLSC
HLSC322
(skipped: bad location)
(skipped: bad location)
HLSC377
HLTH
HLTH106
HLTH130
HLTH140
HLTH200
HLTH230
HLTH285
HLTH289
HLTH300
HLTH301
HLTH371
HLTH377
(skipped: no days available)
HLTH386
HLTH389
HLTH391
HLTH420
HLTH434
HLTH460
HLTH471
HLTH489
HLTH490
HLTH491
(skipped: location unavailable)
HLTH498A
HLTH665
HLTH666
HLTH671
HLTH688
HLTH711
HLTH774
HLTH780
HLTH785
(skipped: location unavailable)
HLTH786
HLTH799
HLTH898
HLTH899
HONR
HONR208L
HONR208M
HONR209C
HONR209F
HONR209G
HONR209K
HONR209M
HONR209W
HONR218D
HONR218J
HONR218M
HONR218O
HONR218T
HONR218W
HONR218X
HONR219T
HONR219Y
HONR219Z
HONR228D
HONR228V
HONR229O
HONR229P
HONR238A
HONR238B
HONR238C
HONR238D
HONR238N
HONR238R
HONR239A
HONR239C
HONR239D
HONR239J
HONR239V
HONR248R
HONR258D
HONR259K
HONR259L
HONR269A
HONR269E
HONR269G
HONR269T
HONR278G
HONR278K
HONR278N
HONR278R
HONR278Z
HONR279R
HONR279Y
HONR288L
HONR288M
HONR288P
HONR288Q
HONR288R
HONR289I
HONR289L
HONR289P
HONR289Y
HONR298F
HONR298G
HONR299J
HONR338A
HONR348D
HONR348F
(skipped: bad location)
HONR348J
HONR348K
HONR348M
HONR349F
HONR359B
HONR379W
(skipped: location unavailable)
IMMR
IMMR200
IMMR219B
IMMR319B
IMMR419B
INAG
INAG101
INAG104
INAG105
INAG106
INAG110
INAG110S
INAG199
(skipped: location unavailable)
(skipped: location unavailable)
(skipped: location unavailable)
(skipped: location unavailable)
(skipped: location unavailable)
(skipped: location unavailable)
INAG199C
INAG204
INAG206
INAG207
INAG213
INAG214
INAG215
INAG224
INAG235
INAG248
INAG250
INAG299A
INAG299B
INFM
INFM600
INFM603
INFM605
INFM612
INFM620
(skipped: no days available)
INFM700
INFM711
INFM719
INFM732
INFM736
(skipped: no days available)
INFM737
INFM750
INFM799
INST
INST611
INST612
(skipped: no days available)
INST614
INST621
INST627
INST630
INST631
INST640
INST641
INST644
INST660
(skipped: no days available)
INST702
INST706
INST709
(skipped: location unavailable)
(skipped: location unavailable)
INST728P
INST733
(skipped: no days available)
INST736
INST737
INST742
INST767
INST799
(skipped: location unavailable)
(skipped: location unavailable)
(skipped: location unavailable)
(skipped: location unavailable)
(skipped: location unavailable)
INST809
(skipped: location unavailable)
(skipped: location unavailable)
(skipped: location unavailable)
(skipped: location unavailable)
(skipped: location unavailable)
(skipped: location unavailable)
INST810
(skipped: location unavailable)
(skipped: location unavailable)
(skipped: location unavailable)
(skipped: location unavailable)
(skipped: location unavailable)
(skipped: location unavailable)
(skipped: location unavailable)
(skipped: location unavailable)
INST888
INST898
INST899
ISRL
ISRL329A
ISRL329D
ISRL349J
ISRL349M
ISRL448A
ISRL448K
ITAL
ITAL103
(skipped: no days available)
(skipped: no days available)
ITAL203
(skipped: no days available)
ITAL204
ITAL207
ITAL311
ITAL362
ITAL386
ITAL399
ITAL399T
(skipped: location unavailable)
ITAL401
ITAL421
ITAL478R
ITAL497
ITAL499
JAPN
JAPN102
JAPN202
JAPN302
JAPN386
JAPN401
JAPN425
JAPN428B
JAPN499
JOUR
JOUR106
JOUR130
JOUR150
JOUR175
JOUR181
JOUR199
(skipped: location unavailable)
JOUR200
JOUR201
JOUR202
JOUR203
JOUR262
JOUR289E
JOUR289F
JOUR289J
JOUR300
JOUR320
JOUR324
JOUR325
(skipped: location unavailable)
(skipped: location unavailable)
(skipped: location unavailable)
JOUR327
(skipped: bad location)
JOUR328B
JOUR328I
JOUR328X
JOUR350
JOUR352
JOUR353
(skipped: location unavailable)
(skipped: location unavailable)
(skipped: location unavailable)
JOUR354
JOUR360
JOUR361
JOUR362
JOUR363
JOUR364
JOUR367
(skipped: location unavailable)
JOUR368B
JOUR368M
JOUR368T
JOUR368V
JOUR370
JOUR371
JOUR381
JOUR396
(skipped: location unavailable)
JOUR398
JOUR399
(skipped: location unavailable)
JOUR400
JOUR451
JOUR452
JOUR453
JOUR455
JOUR456
JOUR458B
JOUR459G
JOUR462
JOUR470
JOUR472
JOUR479D
JOUR479E
JOUR479M
JOUR479O
JOUR480
JOUR532
JOUR603
JOUR620
JOUR623
JOUR625
(skipped: location unavailable)
(skipped: location unavailable)
JOUR627
(skipped: bad location)
JOUR628B
JOUR628X
JOUR652
JOUR654
JOUR655
(skipped: location unavailable)
JOUR660
JOUR661
JOUR663
JOUR667
(skipped: location unavailable)
JOUR668B
JOUR668T
JOUR668V
JOUR670
JOUR698
JOUR698I
JOUR698L
(skipped: location unavailable)
JOUR762
JOUR772
JOUR776
JOUR779D
JOUR779E
JOUR798
JOUR799
JOUR801
JOUR888
JOUR889
JOUR898
JOUR899
JWST
JWST219O
JWST219Q
JWST225
JWST231
JWST235
JWST272
JWST281
JWST324
JWST345
JWST409C
(skipped: location unavailable)
JWST419Y
JWST478B
JWST492
JWST499
JWST619
JWST619J
JWST799
KNES
KNES100O
KNES131O
KNES131V
KNES131Z
KNES134O
KNES140O
KNES140R
KNES140V
KNES144Q
KNES144R
KNES144T
KNES152O
KNES154N
KNES154O
KNES154P
KNES154T
KNES154W
KNES157N
KNES157O
KNES157T
KNES161G
KNES161K
KNES161O
KNES161T
KNES201
KNES210
(skipped: no days available)
KNES211
KNES212
KNES222
KNES260
KNES286
KNES287
KNES289
KNES293
KNES300
KNES300H
(skipped: location unavailable)
KNES332
KNES332H
KNES333
KNES334
(skipped: no days available)
KNES335
KNES350
KNES350H
KNES360
KNES360H
(skipped: location unavailable)
KNES370
(skipped: no days available)
(skipped: no days available)
(skipped: no days available)
(skipped: no days available)
(skipped: no days available)
(skipped: no days available)
KNES370H
(skipped: location unavailable)
KNES385
KNES385H
(skipped: location unavailable)
KNES386
KNES389
KNES389C
KNES389E
KNES389K
KNES400
KNES400H
(skipped: location unavailable)
KNES442
KNES442H
KNES451
KNES451H
KNES457
KNES460
KNES460H
KNES461
KNES461H
KNES466
KNES466H
KNES477
(skipped: location unavailable)
KNES478
KNES483
KNES483H
KNES485
(skipped: location unavailable)
KNES487
KNES497
KNES498
KNES498T
KNES498W
KNES601
KNES609
KNES610
KNES615
KNES618
KNES689
KNES689J
(skipped: bad location)
KNES689M
KNES689N
(skipped: bad location)
KNES689O
KNES689P
KNES689T
(skipped: location unavailable)
KNES689Y
KNES789
KNES799
KNES898
KNES899
KORA
KORA102
KORA202
KORA212
KORA312
KORA398A
KORA398C
KORA499
LARC
LARC120
(skipped: bad location)
(skipped: bad location)
LARC160
LARC221
LARC240
LARC263
LARC321
LARC341
LARC461
LARC471
LARC489E
LARC499
LARC641
LARC648
LARC663
LARC671
LARC699
LARC720
LARC799
LASC
LASC235
LASC235H
LASC248R
LASC448E
LASC448I
LASC448Q
LASC458
LATN
LATN101
LATN201
LATN302
LATN488M
LATN488O
LATN499
LATN631
LATN688O
LATN699
LATN799
LBSC
LBSC602
(skipped: no days available)
LBSC622
LBSC631
(skipped: no days available)
LBSC640
(skipped: no days available)
LBSC644
(skipped: no days available)
LBSC646
(skipped: no days available)
LBSC671
(skipped: no days available)
LBSC680
LBSC684
LBSC703
LBSC707
(skipped: no days available)
(skipped: no days available)
LBSC708D
LBSC709
LBSC713
LBSC723
LBSC724
(skipped: no days available)
LBSC744
(skipped: no days available)
LBSC770
LBSC781
LBSC785
LBSC786
LBSC791
(skipped: no days available)
(skipped: no days available)
LBSC799
LGBT
LGBT200
LGBT265
LGBT359M
LGBT386
LGBT448W
LGBT459M
LGBT488F
LGBT494
LGBT499
LING
LING200
LING240
LING248
LING311
LING312
LING321
LING322
LING410
LING419H
LING440
LING448
LING499
LING499C
(skipped: location unavailable)
LING499G
LING499H
LING611
LING621
LING641
LING644
(skipped: location unavailable)
LING661
LING689
LING689T
(skipped: location unavailable)
LING698
LING698C
LING773
LING798
LING799
LING819C
LING848M
LING879
LING889
LING889C
LING895
LING896
LING898
LING899
MAIT
MAIT699
(skipped: location unavailable)
(skipped: location unavailable)
(skipped: location unavailable)
(skipped: location unavailable)
(skipped: location unavailable)
MATH
MATH003
MATH010
MATH011
MATH013
MATH015
MATH110
MATH111
MATH113
MATH115
MATH130
MATH131
MATH140
MATH141
MATH141H
MATH199A
(skipped: location unavailable)
MATH206
(skipped: no days available)
MATH212
MATH213
MATH214
MATH220
MATH221
MATH240
MATH241
MATH241H
MATH246
MATH246H
MATH299A
(skipped: location unavailable)
MATH310
MATH312
MATH315
MATH341
MATH386
MATH401
MATH402
MATH403
MATH404
MATH405
MATH406
MATH410
MATH411
MATH416
MATH420
MATH430
MATH437
MATH446
MATH456
MATH461
MATH462
MATH463
MATH464
MATH475
MATH478A
MATH489
MATH498A
MATH601
MATH620
MATH631
MATH636
MATH643
MATH660
MATH674
MATH689
MATH734
MATH740
MATH799
MATH808A
MATH808C
MATH818A
MATH848A
MATH848B
MATH858A
MATH858R
MATH858T
MATH868A
MATH898
MATH899
MEES
MEES498E
MEES498T
(skipped: location unavailable)
MEES605
MEES608C
MEES608J
MEES608L
MEES608O
MEES608X
MEES611
MEES614
MEES627
MEES637
MEES661
MEES681
(skipped: location unavailable)
MEES698B
MEES698D
MEES698E
MEES698J
MEES698P
(skipped: location unavailable)
MEES698Q
(skipped: location unavailable)
MEES698T
(skipped: location unavailable)
MEES698V
MEES698X
(skipped: location unavailable)
MEES698Y
MEES699
MEES708D
MEES712
MEES799
MEES898
MEES899
MIEH
MIEH309
(skipped: location unavailable)
(skipped: location unavailable)
(skipped: location unavailable)
(skipped: location unavailable)
(skipped: location unavailable)
(skipped: location unavailable)
(skipped: location unavailable)
(skipped: location unavailable)
(skipped: location unavailable)
(skipped: location unavailable)
MIEH600
(skipped: no days available)
MIEH688
(skipped: location unavailable)
MIEH720
MIEH770
MIEH771
MIEH785
(skipped: location unavailable)
MIEH786
(skipped: location unavailable)
MIEH788
MIEH789
MIEH799
MIEH898
MIEH899
MLAW
MLAW150
MLAW348C
MLAW377
MLAW388
(skipped: no days available)
MOCB
MOCB699
MOCB708C
MOCB898
MOCB899
MUED
MUED155
MUED187
MUED216
MUED217
MUED222
MUED311
MUED411
MUED472
MUED473
MUED474
MUED484
(skipped: location unavailable)
MUED489C
MUED489I
(skipped: location unavailable)
MUED494
(skipped: location unavailable)
MUED790
(skipped: location unavailable)
MUSC
MUSC099
(skipped: location unavailable)
MUSC102B
MUSC103
MUSC106
MUSC126
MUSC128
MUSC129A
MUSC129B
MUSC129C
MUSC129G
MUSC129K
MUSC129L
MUSC129P
MUSC129Q
MUSC140
MUSC151
MUSC203
MUSC204
MUSC205
MUSC210
MUSC215
MUSC220
MUSC226
MUSC228
MUSC229A
MUSC229D
MUSC229E
MUSC229G
MUSC229J
MUSC229P
(skipped: location unavailable)
MUSC229R
MUSC229U
MUSC229Z
(skipped: location unavailable)
(skipped: location unavailable)
(skipped: location unavailable)
(skipped: location unavailable)
MUSC251
MUSC320
MUSC329A
MUSC329B
MUSC329E
MUSC329M
MUSC329O
MUSC329W
MUSC379
MUSC386
MUSC388
(skipped: location unavailable)
(skipped: location unavailable)
(skipped: location unavailable)
(skipped: location unavailable)
MUSC389
(skipped: location unavailable)
(skipped: location unavailable)
(skipped: location unavailable)
(skipped: location unavailable)
MUSC400V
MUSC436
MUSC438D
MUSC438X
MUSC444
MUSC446
MUSC448
MUSC448E
MUSC448F
MUSC448M
MUSC448P
MUSC448W
MUSC450
MUSC454
MUSC456
MUSC463
MUSC467
MUSC469D
MUSC469F
(skipped: bad location)
MUSC469V
(skipped: location unavailable)
MUSC470
MUSC485
MUSC486
MUSC490
MUSC491
MUSC499
MUSC550
MUSC602
MUSC603
MUSC606
MUSC608
MUSC612
(skipped: no start time)
(skipped: no start time)
MUSC614
(skipped: no start time)
(skipped: no start time)
MUSC629A
MUSC629C
MUSC629G
MUSC629J
MUSC629K
MUSC629L
MUSC629P
MUSC629Q
MUSC629R
MUSC629U
MUSC629W
MUSC629Z
(skipped: location unavailable)
(skipped: location unavailable)
(skipped: location unavailable)
(skipped: location unavailable)
MUSC633
MUSC642
MUSC644
MUSC645
MUSC649A
MUSC649B
MUSC649E
MUSC649M
MUSC649O
MUSC649W
MUSC654
MUSC656
MUSC659
MUSC659B
(skipped: location unavailable)
MUSC659C
(skipped: location unavailable)
MUSC665
MUSC669D
MUSC669F
(skipped: bad location)
MUSC669V
(skipped: location unavailable)
MUSC672
MUSC673
MUSC677
MUSC680
MUSC699
MUSC699E
MUSC699W
MUSC758
MUSC799
MUSC801S
MUSC801W
MUSC812
(skipped: no start time)
(skipped: no start time)
MUSC814
(skipped: no start time)
(skipped: no start time)
MUSC830C
(skipped: location unavailable)
MUSC831A
MUSC831C
(skipped: location unavailable)
MUSC831P
MUSC831V
MUSC831W
MUSC898
MUSC899
NACS
NACS600
NACS608
NACS642
NACS643
NACS728D
NACS728I
NACS728K
NACS728M
NACS728N
NACS728P
NACS728Q
NACS798
NACS799
NACS898
NACS899
NFSC
NFSC100
NFSC220
NFSC315
NFSC386
NFSC398
NFSC399
NFSC412
NFSC430
NFSC431
NFSC434
NFSC450
NFSC460
NFSC470
NFSC490
NFSC491
NFSC498
NFSC498A
NFSC498L
NFSC631
NFSC678A
NFSC678L
NFSC679F
NFSC679M
NFSC688
NFSC699
NFSC799
NFSC898
NFSC899
NIAV
NIAV788W
(skipped: location unavailable)
PERS
PERS102
PERS202
PERS212
PERS298A
PERS302
PERS312
PERS371
PERS386
PERS398B
PERS399
PERS399F
(skipped: location unavailable)
PERS498
PERS498A
PERS498D
PERS498E
PERS498L
(skipped: location unavailable)
PERS689
PHIL
PHIL100
PHIL140
PHIL170
PHIL209B
PHIL209E
PHIL209N
PHIL233
PHIL245
PHIL282
PHIL308I
PHIL308L
PHIL320
PHIL324
PHIL328L
PHIL364
PHIL366
PHIL386
PHIL408B
(skipped: no days available)
PHIL408C
PHIL408F
(skipped: no days available)
PHIL408K
PHIL408L
PHIL408V
PHIL408Z
(skipped: no days available)
PHIL414
PHIL456
(skipped: no days available)
PHIL470
PHIL498F
PHIL498G
PHIL640
PHIL688E
PHIL788
(skipped: location unavailable)
(skipped: location unavailable)
(skipped: location unavailable)
(skipped: location unavailable)
(skipped: location unavailable)
(skipped: location unavailable)
(skipped: location unavailable)
(skipped: location unavailable)
(skipped: location unavailable)
(skipped: location unavailable)
(skipped: location unavailable)
(skipped: location unavailable)
(skipped: location unavailable)
(skipped: location unavailable)
(skipped: location unavailable)
(skipped: location unavailable)
(skipped: location unavailable)
(skipped: location unavailable)
(skipped: location unavailable)
(skipped: location unavailable)
(skipped: location unavailable)
(skipped: location unavailable)
(skipped: location unavailable)
(skipped: location unavailable)
(skipped: location unavailable)
PHIL788G
PHIL788I
PHIL799
PHIL848J
PHIL848K
PHIL858J
PHIL879J
PHIL888
PHIL889
PHIL898
PHIL899
PHYS
PHYS106
PHYS107
PHYS115
PHYS121
PHYS122
PHYS131
PHYS132
(skipped: bad location)
PHYS161
PHYS171
PHYS174
PHYS260
PHYS261
PHYS261M
(skipped: location unavailable)
PHYS270
PHYS271
PHYS271M
(skipped: location unavailable)
PHYS272
PHYS272H
PHYS273
PHYS273H
PHYS274
PHYS275
PHYS276
PHYS299
PHYS299B
(skipped: location unavailable)
(skipped: location unavailable)
(skipped: location unavailable)
PHYS299L
(skipped: location unavailable)
PHYS305
(skipped: location unavailable)
PHYS373
PHYS375
PHYS386
PHYS389
PHYS398
PHYS399
PHYS399C
(skipped: no start time)
PHYS401
PHYS402
PHYS404
PHYS405
(skipped: no start time)
(skipped: no start time)
PHYS407
(skipped: location unavailable)
PHYS410
PHYS411
PHYS420
PHYS431
PHYS499A
PHYS499B
PHYS499M
PHYS499P
PHYS603
PHYS606
PHYS623
PHYS625
PHYS708
PHYS709
PHYS711
PHYS728
PHYS731
PHYS738
PHYS739
PHYS748
PHYS758E
PHYS759
PHYS761
PHYS769
(skipped: bad location)
PHYS778
PHYS798
PHYS798B
PHYS798D
PHYS798E
PHYS798L
PHYS799
PHYS799B
(skipped: location unavailable)
PHYS838A
PHYS838C
PHYS839A
(skipped: location unavailable)
PHYS839J
(skipped: no days available)
PHYS889E
PHYS898
PHYS899
PLSC
PLSC100
PLSC226
PLSC235
PLSC254
PLSC271
PLSC272
PLSC275
PLSC321
PLSC388
(skipped: location unavailable)
(skipped: location unavailable)
PLSC399
(skipped: location unavailable)
(skipped: location unavailable)
(skipped: location unavailable)
(skipped: location unavailable)
(skipped: location unavailable)
(skipped: location unavailable)
(skipped: location unavailable)
(skipped: location unavailable)
(skipped: location unavailable)
(skipped: location unavailable)
(skipped: location unavailable)
(skipped: location unavailable)
(skipped: location unavailable)
(skipped: location unavailable)
(skipped: location unavailable)
(skipped: location unavailable)
(skipped: location unavailable)
(skipped: location unavailable)
(skipped: location unavailable)
PLSC407
PLSC425
PLSC452
PLSC460
PLSC461
(skipped: location unavailable)
PLSC462
(skipped: location unavailable)
PLSC464
(skipped: location unavailable)
PLSC471
PLSC489B
(skipped: location unavailable)
PLSC489G
(skipped: location unavailable)
PLSC489N
(skipped: location unavailable)
PLSC489O
PLSC489R
(skipped: no start time)
(skipped: no start time)
PLSC489W
PLSC608T
(skipped: location unavailable)
(skipped: location unavailable)
(skipped: location unavailable)
PLSC689A
PLSC689B
PLSC689C
(skipped: location unavailable)
PLSC689D
PLSC689E
PLSC689T
(skipped: location unavailable)
PLSC689W
PLSC789F
PLSC789M
PLSC799
PLSC898
PLSC899
PORT
PORT204
PORT207
PORT228L
PORT332
PORT386
PORT399
PSYC
PSYC100
(skipped: no days available)
(skipped: no days available)
(skipped: no days available)
(skipped: no days available)
(skipped: no days available)
(skipped: no days available)
(skipped: no days available)
(skipped: no days available)
(skipped: no days available)
(skipped: no days available)
(skipped: no days available)
(skipped: no days available)
(skipped: no days available)
(skipped: no days available)
(skipped: no days available)
(skipped: no days available)
(skipped: no days available)
(skipped: no days available)
(skipped: no days available)
(skipped: no days available)
PSYC100H
PSYC111
(skipped: no days available)
(skipped: no days available)
(skipped: no days available)
(skipped: no days available)
(skipped: no days available)
(skipped: no days available)
(skipped: no days available)
(skipped: no days available)
(skipped: no days available)
(skipped: no days available)
(skipped: no days available)
(skipped: no days available)
(skipped: no days available)
PSYC123
(skipped: no days available)
(skipped: no days available)
(skipped: no days available)
(skipped: no days available)
(skipped: no days available)
(skipped: no days available)
PSYC200
(skipped: no days available)
(skipped: no days available)
(skipped: no days available)
(skipped: no days available)
(skipped: no days available)
(skipped: no days available)
(skipped: no days available)
(skipped: no days available)
(skipped: no days available)
(skipped: no days available)
PSYC206
PSYC210
PSYC221
PSYC289D
PSYC300
PSYC301
PSYC302
PSYC303
(skipped: no days available)
(skipped: no days available)
(skipped: no days available)
PSYC319D
PSYC330
PSYC334
PSYC336
PSYC341
PSYC353
PSYC354
PSYC361
PSYC362
PSYC389
(skipped: location unavailable)
PSYC401
PSYC402
PSYC406
PSYC413
PSYC416
PSYC420
PSYC424
PSYC432
PSYC433
PSYC436
PSYC440
PSYC442
PSYC444
PSYC456
(skipped: location unavailable)
PSYC468H
PSYC469H
PSYC478
PSYC479
PSYC489H
PSYC489N
PSYC499H
PSYC602
PSYC606
PSYC622
PSYC623
PSYC625
PSYC629
(skipped: bad location)
(skipped: location unavailable)
(skipped: bad location)
PSYC630
PSYC638
(skipped: location unavailable)
(skipped: location unavailable)
PSYC639
(skipped: location unavailable)
PSYC663
(skipped: no days available)
PSYC678
PSYC690
PSYC691
PSYC737
PSYC757
PSYC778D
PSYC788B
PSYC789
PSYC798T
PSYC799
PSYC888A
(skipped: location unavailable)
PSYC888B
(skipped: location unavailable)
PSYC888C
(skipped: location unavailable)
PSYC888D
(skipped: no start time)
PSYC888E
(skipped: location unavailable)
PSYC889
PSYC898
PSYC899
PUAF
PUAF201
PUAF215
PUAF288P
PUAF301
PUAF302
PUAF311
PUAF312
PUAF313
PUAF349
(skipped: location unavailable)
PUAF359I
PUAF386
(skipped: location unavailable)
PUAF388D
PUAF388G
PUAF388T
(skipped: location unavailable)
PUAF396
(skipped: location unavailable)
PUAF610
PUAF611
PUAF620
PUAF640
PUAF641
PUAF650
PUAF670
PUAF688A
PUAF688C
PUAF688F
PUAF688K
PUAF689B
PUAF689D
(skipped: location unavailable)
PUAF689E
PUAF689F
PUAF689P
PUAF689V
PUAF698C
PUAF698E
PUAF698K
PUAF698R
PUAF699K
PUAF699Y
PUAF711
PUAF717
PUAF720
PUAF732
PUAF734
PUAF737
PUAF740
PUAF745
PUAF780
PUAF781
PUAF782
PUAF783
PUAF784
PUAF790
(skipped: location unavailable)
(skipped: location unavailable)
(skipped: location unavailable)
(skipped: location unavailable)
PUAF798A
PUAF798B
PUAF798G
PUAF798O
PUAF798R
(skipped: bad location)
PUAF798W
PUAF798Y
PUAF898
PUAF899
RDEV
RDEV630
RDEV650
RDEV688A
RDEV688G
RDEV688I
(skipped: bad location)
RDEV688V
RDEV689B
RDEV689C
RDEV689I
RDEV689K
RDEV689R
RDEV689V
RDEV689Y
(skipped: bad location)
RELS
RELS170
RELS219A
RELS219Q
RELS289I
RELS289M
RELS319N
RELS419B
RELS419T
RELS499
RUSS
RUSS102
RUSS202
RUSS221
RUSS302
RUSS336
RUSS382
RUSS386
RUSS402
RUSS439L
RUSS499
RUSS499C
RUSS798
RUSS799
SLAA
SLAA410
SLAA498
(skipped: location unavailable)
SLAA620
SLAA640
SLAA719
SLAA749I
SLAA754
SLAA779
SLAA798
SLAA799
SLAA888
SLAA888R
SLAA898
SLAA899
SLLC
SLLC109V
(skipped: no days available)
SLLC299G
SLLC309
(skipped: bad location)
(skipped: location unavailable)
(skipped: bad location)
(skipped: location unavailable)
(skipped: bad location)
(skipped: location unavailable)
(skipped: bad location)
(skipped: location unavailable)
(skipped: bad location)
(skipped: location unavailable)
(skipped: bad location)
(skipped: location unavailable)
(skipped: bad location)
(skipped: location unavailable)
(skipped: bad location)
(skipped: location unavailable)
(skipped: bad location)
(skipped: location unavailable)
(skipped: bad location)
(skipped: location unavailable)
SLLC368C
SLLC386
SLLC468B
SLLC698L
SLLC789
SOCY
SOCY100
SOCY105
SOCY105H
SOCY125
SOCY200
SOCY201
SOCY202
SOCY203
SOCY224
SOCY227
SOCY230
SOCY241
SOCY305
SOCY325
SOCY381
SOCY383
SOCY386
SOCY398I
SOCY398J
SOCY398L
(skipped: location unavailable)
SOCY399
SOCY401
(skipped: location unavailable)
SOCY410
SOCY411
SOCY412
SOCY431
SOCY441
SOCY448M
SOCY465
SOCY467
SOCY498I
SOCY498J
(skipped: location unavailable)
SOCY498N
SOCY498O
SOCY601
SOCY626
SOCY632
SOCY644
SOCY645
SOCY699
SOCY699C
SOCY699E
(skipped: location unavailable)
SOCY699J
SOCY699P
SOCY699T
SOCY699V
SOCY699X
SOCY709B
SOCY799
SOCY819
(skipped: location unavailable)
SOCY829
(skipped: location unavailable)
SOCY849
(skipped: location unavailable)
SOCY858
(skipped: location unavailable)
(skipped: location unavailable)
SOCY869
(skipped: location unavailable)
SOCY889
(skipped: location unavailable)
SOCY898
SOCY899
SPAN
SPAN103
SPAN203
SPAN204
(skipped: no days available)
SPAN206
SPAN207
SPAN228L
SPAN235
SPAN301
(skipped: no days available)
(skipped: no days available)
SPAN302
(skipped: no days available)
SPAN303
SPAN306
SPAN307
SPAN316
SPAN318
SPAN332
SPAN333
SPAN362
SPAN363
SPAN386
SPAN389A
SPAN399
SPAN408A
SPAN408Q
SPAN408T
SPAN408X
SPAN415
SPAN422
SPAN426
SPAN479
SPAN495
SPAN699
SPAN798W
SPAN798X
SPAN798Z
SPAN799
SPAN898
SPAN899
SPHL
SPHL400
SPHL402
SPHL412
SPHL415
SPHL491
(skipped: location unavailable)
SPHL498F
SPHL498G
SPHL498N
SPHL498P
SPHL498X
STAT
STAT100
STAT386
(skipped: location unavailable)
STAT400
STAT401
STAT410
STAT420
STAT430
STAT440
STAT464
STAT470
STAT498A
STAT601
STAT650
STAT689
STAT701
STAT730
STAT741
STAT799
STAT808A
STAT818A
STAT898
STAT899
SURV
SURV400
SURV410
SURV420
SURV440
SURV616
SURV625
(skipped: bad location)
(skipped: location unavailable)
(skipped: bad location)
SURV630
SURV640
SURV699
(skipped: location unavailable)
(skipped: location unavailable)
(skipped: location unavailable)
SURV699Y
SURV701
(skipped: bad location)
(skipped: location unavailable)
SURV721
SURV742
(skipped: bad location)
SURV744
SURV760
(skipped: bad location)
SURV772
SURV798B
(skipped: bad location)
SURV829
SURV898
SURV899
TDPS
TDPS201
TDPS358J
TDPS458D
TDPS458I
(skipped: location unavailable)
TDPS458M
TDPS458T
TDPS469
(skipped: location unavailable)
TDPS479
(skipped: location unavailable)
(skipped: location unavailable)
(skipped: location unavailable)
(skipped: location unavailable)
(skipped: location unavailable)
(skipped: location unavailable)
(skipped: location unavailable)
(skipped: location unavailable)
(skipped: location unavailable)
(skipped: location unavailable)
(skipped: location unavailable)
(skipped: location unavailable)
(skipped: location unavailable)
THET
THET110
THET116
THET222
THET223
THET285
THET289I
THET291
THET310
THET325
THET328P
THET328V
THET340
THET362
THET377
THET380
THET383
THET399
THET408M
THET428D
THET451
THET471
THET474
THET475
THET477
THET489F
THET489G
THET499
(skipped: location unavailable)
(skipped: location unavailable)
(skipped: location unavailable)
(skipped: location unavailable)
(skipped: location unavailable)
(skipped: location unavailable)
(skipped: location unavailable)
(skipped: location unavailable)
(skipped: location unavailable)
(skipped: location unavailable)
(skipped: location unavailable)
(skipped: location unavailable)
(skipped: location unavailable)
(skipped: location unavailable)
(skipped: location unavailable)
(skipped: location unavailable)
(skipped: location unavailable)
THET639
THET649
THET659
THET669
THET669D
THET670
THET672
THET678
(skipped: location unavailable)
(skipped: location unavailable)
(skipped: location unavailable)
THET686
THET698C
THET713
THET788
THET789
THET799
THET888
THET889
THET898
THET899
TLPL
TLPL101
TLPL102
UMEI
UMEI001
UMEI002
UMEI003
UMEI004
UMEI005
UMEI006
UMEI007
UNIV
UNIV099
(skipped: location unavailable)
UNIV100
UNIV104
UNIV106
UNIV107
UNIV108
UNIV325
(skipped: location unavailable)
UNIV326
(skipped: no days available)
UNIV349
UNIV378
(skipped: location unavailable)
UNIV389A
(skipped: location unavailable)
UNIV389G
UNIV389J
(skipped: location unavailable)
UNIV389K
(skipped: location unavailable)
(skipped: location unavailable)
UNIV389L
(skipped: location unavailable)
UNIV399P
UNIV399Y
(skipped: bad location)
UNIV798A
UNIV798B
URSP
URSP289Q
URSP399I
URSP600
URSP601
URSP603
URSP606
URSP631
URSP640
URSP661
URSP664
URSP673
URSP688M
URSP688O
URSP709
(skipped: location unavailable)
URSP788
URSP798
URSP799
URSP805
URSP898
URSP899
USLT
USLT202
USLT488B
USLT498A
USLT498F
VMSC
VMSC688A
(skipped: location unavailable)
VMSC698
(skipped: bad location)
(skipped: location unavailable)
VMSC699
VMSC720
(skipped: bad location)
VMSC799
VMSC898
VMSC899
WMST
WMST200
WMST211
WMST250
WMST255
WMST263
WMST275
WMST298D
WMST298F
WMST298J
WMST314
WMST325
WMST336
WMST348P
WMST386
(skipped: location unavailable)
WMST400
WMST444
WMST452
WMST471
WMST488L
WMST494
WMST498O
WMST498W
WMST498X
WMST499
WMST602
WMST618
(skipped: no start time)
WMST619
(skipped: location unavailable)
WMST621
WMST628
(skipped: location unavailable)
WMST699
WMST709
(skipped: location unavailable)
(skipped: location unavailable)
(skipped: location unavailable)
(skipped: location unavailable)
(skipped: location unavailable)
(skipped: location unavailable)
(skipped: location unavailable)
(skipped: location unavailable)
(skipped: location unavailable)
(skipped: location unavailable)
WMST799
WMST898
WMST899
